# JRE version: Java(TM) SE Runtime Environment (8.0_191-b12) (build 1.8.0_191-b12)
# Java VM: Java HotSpot(TM) Client VM (25.191-b12 mixed mode windows-x86 )
Heap:
 def new generation   total 157248K, used 157245K [0x05600000, 0x100a0000, 0x100a0000)
  eden space 139776K,  99% used [0x05600000, 0x0de7f758, 0x0de80000)
  from space 17472K, 100% used [0x0ef90000, 0x100a0000, 0x100a0000)
  to   space 17472K,   0% used [0x0de80000, 0x0de80000, 0x0ef90000)
 tenured generation   total 349568K, used 349568K [0x100a0000, 0x25600000, 0x25600000)
   the space 349568K, 100% used [0x100a0000, 0x25600000, 0x25600000, 0x25600000)
 Metaspace       used 22071K, capacity 22581K, committed 22656K, reserved 22912K
GC Heap History (10 events):
Event: 5864.052 GC heap before
{Heap before GC invocations=562 (full 520):
 def new generation   total 157248K, used 157247K [0x05600000, 0x100a0000, 0x100a0000)
  eden space 139776K,  99% used [0x05600000, 0x0de7ffd0, 0x0de80000)
  from space 17472K,  99% used [0x0ef90000, 0x1009ffd0, 0x100a0000)
  to   space 17472K,   0% used [0x0de80000, 0x0de80000, 0x0ef90000)
 tenured generation   total 349568K, used 349568K [0x100a0000, 0x25600000, 0x25600000)
   the space 349568K, 100% used [0x100a0000, 0x25600000, 0x25600000, 0x25600000)
 Metaspace       used 22071K, capacity 22581K, committed 22656K, reserved 22912K
Event: 5864.764 GC heap after
Heap after GC invocations=563 (full 521):
 def new generation   total 157248K, used 157216K [0x05600000, 0x100a0000, 0x100a0000)
  eden space 139776K,  99% used [0x05600000, 0x0de781b0, 0x0de80000)
  from space 17472K,  99% used [0x0ef90000, 0x1009fec0, 0x100a0000)
  to   space 17472K,   0% used [0x0de80000, 0x0de80000, 0x0ef90000)
 tenured generation   total 349568K, used 349568K [0x100a0000, 0x25600000, 0x25600000)
   the space 349568K, 100% used [0x100a0000, 0x25600000, 0x25600000, 0x25600000)
 Metaspace       used 22071K, capacity 22581K, committed 22656K, reserved 22912K
}
Event: 5864.765 GC heap before
{Heap before GC invocations=563 (full 521):
 def new generation   total 157248K, used 157247K [0x05600000, 0x100a0000, 0x100a0000)
  eden space 139776K, 100% used [0x05600000, 0x0de80000, 0x0de80000)
  from space 17472K,  99% used [0x0ef90000, 0x1009fec0, 0x100a0000)
  to   space 17472K,   0% used [0x0de80000, 0x0de80000, 0x0ef90000)
 tenured generation   total 349568K, used 349568K [0x100a0000, 0x25600000, 0x25600000)
   the space 349568K, 100% used [0x100a0000, 0x25600000, 0x25600000, 0x25600000)
 Metaspace       used 22071K, capacity 22581K, committed 22656K, reserved 22912K
Event: 5865.440 GC heap after
Heap after GC invocations=564 (full 522):
 def new generation   total 157248K, used 157226K [0x05600000, 0x100a0000, 0x100a0000)
  eden space 139776K,  99% used [0x05600000, 0x0de7ac60, 0x0de80000)
  from space 17472K,  99% used [0x0ef90000, 0x1009fec0, 0x100a0000)
  to   space 17472K,   0% used [0x0de80000, 0x0de80000, 0x0ef90000)
 tenured generation   total 349568K, used 349568K [0x100a0000, 0x25600000, 0x25600000)
   the space 349568K, 100% used [0x100a0000, 0x25600000, 0x25600000, 0x25600000)
 Metaspace       used 22071K, capacity 22581K, committed 22656K, reserved 22912K
}
Event: 5865.440 GC heap before
{Heap before GC invocations=564 (full 522):
 def new generation   total 157248K, used 157248K [0x05600000, 0x100a0000, 0x100a0000)
  eden space 139776K, 100% used [0x05600000, 0x0de80000, 0x0de80000)
  from space 17472K, 100% used [0x0ef90000, 0x100a0000, 0x100a0000)
  to   space 17472K,   0% used [0x0de80000, 0x0de80000, 0x0ef90000)
 tenured generation   total 349568K, used 349568K [0x100a0000, 0x25600000, 0x25600000)
   the space 349568K, 100% used [0x100a0000, 0x25600000, 0x25600000, 0x25600000)
 Metaspace       used 22071K, capacity 22581K, committed 22656K, reserved 22912K
Event: 5866.157 GC heap after
Heap after GC invocations=565 (full 523):
 def new generation   total 157248K, used 157188K [0x05600000, 0x100a0000, 0x100a0000)
  eden space 139776K,  99% used [0x05600000, 0x0de71320, 0x0de80000)
  from space 17472K, 100% used [0x0ef90000, 0x100a0000, 0x100a0000)
  to   space 17472K,   0% used [0x0de80000, 0x0de80000, 0x0ef90000)
 tenured generation   total 349568K, used 349568K [0x100a0000, 0x25600000, 0x25600000)
   the space 349568K, 100% used [0x100a0000, 0x25600000, 0x25600000, 0x25600000)
 Metaspace       used 22071K, capacity 22581K, committed 22656K, reserved 22912K
}
Event: 5866.157 GC heap before
{Heap before GC invocations=565 (full 523):
 def new generation   total 157248K, used 157190K [0x05600000, 0x100a0000, 0x100a0000)
  eden space 139776K,  99% used [0x05600000, 0x0de71b50, 0x0de80000)
  from space 17472K, 100% used [0x0ef90000, 0x100a0000, 0x100a0000)
  to   space 17472K,   0% used [0x0de80000, 0x0de80000, 0x0ef90000)
 tenured generation   total 349568K, used 349568K [0x100a0000, 0x25600000, 0x25600000)
   the space 349568K, 100% used [0x100a0000, 0x25600000, 0x25600000, 0x25600000)
 Metaspace       used 22071K, capacity 22581K, committed 22656K, reserved 22912K
Event: 5866.832 GC heap after
Heap after GC invocations=566 (full 524):
 def new generation   total 157248K, used 157189K [0x05600000, 0x100a0000, 0x100a0000)
  eden space 139776K,  99% used [0x05600000, 0x0de71700, 0x0de80000)
  from space 17472K, 100% used [0x0ef90000, 0x100a0000, 0x100a0000)
  to   space 17472K,   0% used [0x0de80000, 0x0de80000, 0x0ef90000)
 tenured generation   total 349568K, used 349568K [0x100a0000, 0x25600000, 0x25600000)
   the space 349568K, 100% used [0x100a0000, 0x25600000, 0x25600000, 0x25600000)
 Metaspace       used 22071K, capacity 22581K, committed 22656K, reserved 22912K
}
Event: 5866.832 GC heap before
{Heap before GC invocations=566 (full 524):
 def new generation   total 157248K, used 157189K [0x05600000, 0x100a0000, 0x100a0000)
  eden space 139776K,  99% used [0x05600000, 0x0de71700, 0x0de80000)
  from space 17472K, 100% used [0x0ef90000, 0x100a0000, 0x100a0000)
  to   space 17472K,   0% used [0x0de80000, 0x0de80000, 0x0ef90000)
 tenured generation   total 349568K, used 349568K [0x100a0000, 0x25600000, 0x25600000)
   the space 349568K, 100% used [0x100a0000, 0x25600000, 0x25600000, 0x25600000)
 Metaspace       used 22071K, capacity 22581K, committed 22656K, reserved 22912K
Event: 5867.499 GC heap after
Heap after GC invocations=567 (full 525):
 def new generation   total 157248K, used 157189K [0x05600000, 0x100a0000, 0x100a0000)
  eden space 139776K,  99% used [0x05600000, 0x0de71700, 0x0de80000)
  from space 17472K, 100% used [0x0ef90000, 0x100a0000, 0x100a0000)
  to   space 17472K,   0% used [0x0de80000, 0x0de80000, 0x0ef90000)
 tenured generation   total 349568K, used 349568K [0x100a0000, 0x25600000, 0x25600000)
   the space 349568K, 100% used [0x100a0000, 0x25600000, 0x25600000, 0x25600000)
 Metaspace       used 22071K, capacity 22581K, committed 22656K, reserved 22912K
}

